<?xml version="1.0" encoding="UTF-8"?>
<testng-results ignored="0" total="1" passed="1" failed="0" skipped="0">
  <reporter-output>
  </reporter-output>
  <suite started-at="2020-11-30T00:17:35 IST" name="Default suite" finished-at="2020-11-30T00:18:15 IST" duration-ms="39588">
    <groups>
    </groups>
    <test started-at="2020-11-30T00:17:35 IST" name="Default test" finished-at="2020-11-30T00:18:15 IST" duration-ms="39588">
      <class name="MyCompany.WebTesting.SSLTest">
        <test-method signature="sslCertControl()[pri:0, instance:MyCompany.WebTesting.SSLTest@2b6856dd]" started-at="2020-11-30T00:17:36 IST" name="sslCertControl" finished-at="2020-11-30T00:18:15 IST" duration-ms="39119" status="PASS">
          <reporter-output>
          </reporter-output>
        </test-method> <!-- sslCertControl -->
      </class> <!-- MyCompany.WebTesting.SSLTest -->
    </test> <!-- Default test -->
  </suite> <!-- Default suite -->
</testng-results>
